-------------------------------------------------------------------------------
Test set: com.livelab.security.controller.UserControllerTest
-------------------------------------------------------------------------------
Tests run: 1, Failures: 1, Errors: 0, Skipped: 0, Time elapsed: 4.31 s <<< FAILURE! - in com.livelab.security.controller.UserControllerTest
testCreateAndGetUser  Time elapsed: 0.34 s  <<< FAILURE!
java.lang.AssertionError: Status expected:<200> but was:<404>
	at com.livelab.security.controller.UserControllerTest.testCreateAndGetUser(UserControllerTest.java:36)

