<?xml version="1.0" encoding="UTF-8"?>
<testsuite xmlns:xsi="http://www.w3.org/2001/XMLSchema-instance" xsi:noNamespaceSchemaLocation="https://maven.apache.org/surefire/maven-surefire-plugin/xsd/surefire-test-report.xsd" name="com.livelab.security.controller.UserControllerTest" time="4.31" tests="1" errors="0" skipped="0" failures="1">
  <properties>
[...]
</properties>
  <testcase name="testCreateAndGetUser" classname="com.livelab.security.controller.UserControllerTest" time="0.34">
    <failure message="Status expected:&lt;200&gt; but was:&lt;404&gt;" type="java.lang.AssertionError"><![CDATA[java.lang.AssertionError: Status expected:<200> but was:<404>
	at com.livelab.security.controller.UserControllerTest.testCreateAndGetUser(UserControllerTest.java:36)
]]></failure>
    <system-out><![CDATA[00:55:50.806 [main] DEBUG org.springframework.test.context.BootstrapUtils - Instantiating CacheAwareContextLoaderDelegate from class [org.springframework.test.context.cache.DefaultCacheAwareContextLoaderDelegate]
00:55:50.817 [main] DEBUG org.springframework.test.context.BootstrapUtils - Instantiating BootstrapContext using constructor [public org.springframework.test.context.support.DefaultBootstrapContext(java.lang.Class,org.springframework.test.context.CacheAwareContextLoaderDelegate)]
00:55:50.861 [main] DEBUG org.springframework.test.context.BootstrapUtils - Instantiating TestContextBootstrapper for test class [com.livelab.security.controller.UserControllerTest] from class [org.springframework.boot.test.context.SpringBootTestContextBootstrapper]
00:55:50.874 [main] INFO org.springframework.boot.test.context.SpringBootTestContextBootstrapper - Neither @ContextConfiguration nor @ContextHierarchy found for test class [com.livelab.security.controller.UserControllerTest], using SpringBootContextLoader
00:55:50.878 [main] DEBUG org.springframework.test.context.support.AbstractContextLoader - Did not detect default resource location for test class [com.livelab.security.controller.UserControllerTest]: class path resource [com/livelab/security/controller/UserControllerTest-context.xml] does not exist
00:55:50.878 [main] DEBUG org.springframework.test.context.support.AbstractContextLoader - Did not detect default resource location for test class [com.livelab.security.controller.UserControllerTest]: class path resource [com/livelab/security/controller/UserControllerTestContext.groovy] does not exist
00:55:50.878 [main] INFO org.springframework.test.context.support.AbstractContextLoader - Could not detect default resource locations for test class [com.livelab.security.controller.UserControllerTest]: no resource found for suffixes {-context.xml, Context.groovy}.
00:55:50.879 [main] INFO org.springframework.test.context.support.AnnotationConfigContextLoaderUtils - Could not detect default configuration classes for test class [com.livelab.security.controller.UserControllerTest]: UserControllerTest does not declare any static, non-private, non-final, nested classes annotated with @Configuration.
00:55:50.936 [main] DEBUG org.springframework.test.context.support.ActiveProfilesUtils - Could not find an 'annotation declaring class' for annotation type [org.springframework.test.context.ActiveProfiles] and class [com.livelab.security.controller.UserControllerTest]
00:55:51.032 [main] DEBUG org.springframework.context.annotation.ClassPathScanningCandidateComponentProvider - Identified candidate component class: file [/Users/admin/Desktop/windSuring/2025-02-19-v1/target/classes/com/livelab/security/DataSecurityApplication.class]
00:55:51.033 [main] INFO org.springframework.boot.test.context.SpringBootTestContextBootstrapper - Found @SpringBootConfiguration com.livelab.security.DataSecurityApplication for test class com.livelab.security.controller.UserControllerTest
00:55:51.130 [main] DEBUG org.springframework.boot.test.context.SpringBootTestContextBootstrapper - @TestExecutionListeners is not present for class [com.livelab.security.controller.UserControllerTest]: using defaults.
00:55:51.130 [main] INFO org.springframework.boot.test.context.SpringBootTestContextBootstrapper - Loaded default TestExecutionListener class names from location [META-INF/spring.factories]: [org.springframework.boot.test.mock.mockito.MockitoTestExecutionListener, org.springframework.boot.test.mock.mockito.ResetMocksTestExecutionListener, org.springframework.boot.test.autoconfigure.restdocs.RestDocsTestExecutionListener, org.springframework.boot.test.autoconfigure.web.client.MockRestServiceServerResetTestExecutionListener, org.springframework.boot.test.autoconfigure.web.servlet.MockMvcPrintOnlyOnFailureTestExecutionListener, org.springframework.boot.test.autoconfigure.web.servlet.WebDriverTestExecutionListener, org.springframework.boot.test.autoconfigure.webservices.client.MockWebServiceServerTestExecutionListener, org.springframework.test.context.web.ServletTestExecutionListener, org.springframework.test.context.support.DirtiesContextBeforeModesTestExecutionListener, org.springframework.test.context.event.ApplicationEventsTestExecutionListener, org.springframework.test.context.support.DependencyInjectionTestExecutionListener, org.springframework.test.context.support.DirtiesContextTestExecutionListener, org.springframework.test.context.transaction.TransactionalTestExecutionListener, org.springframework.test.context.jdbc.SqlScriptsTestExecutionListener, org.springframework.test.context.event.EventPublishingTestExecutionListener]
00:55:51.147 [main] INFO org.springframework.boot.test.context.SpringBootTestContextBootstrapper - Using TestExecutionListeners: [org.springframework.test.context.web.ServletTestExecutionListener@6c284af, org.springframework.test.context.support.DirtiesContextBeforeModesTestExecutionListener@5890e879, org.springframework.test.context.event.ApplicationEventsTestExecutionListener@6440112d, org.springframework.boot.test.mock.mockito.MockitoTestExecutionListener@31ea9581, org.springframework.boot.test.autoconfigure.SpringBootDependencyInjectionTestExecutionListener@231f98ef, org.springframework.test.context.support.DirtiesContextTestExecutionListener@7c137fd5, org.springframework.test.context.transaction.TransactionalTestExecutionListener@183ec003, org.springframework.test.context.jdbc.SqlScriptsTestExecutionListener@7d9d0818, org.springframework.test.context.event.EventPublishingTestExecutionListener@221a3fa4, org.springframework.boot.test.mock.mockito.ResetMocksTestExecutionListener@451001e5, org.springframework.boot.test.autoconfigure.restdocs.RestDocsTestExecutionListener@2b40ff9c, org.springframework.boot.test.autoconfigure.web.client.MockRestServiceServerResetTestExecutionListener@3e08ff24, org.springframework.boot.test.autoconfigure.web.servlet.MockMvcPrintOnlyOnFailureTestExecutionListener@4d1c005e, org.springframework.boot.test.autoconfigure.web.servlet.WebDriverTestExecutionListener@8462f31, org.springframework.boot.test.autoconfigure.webservices.client.MockWebServiceServerTestExecutionListener@24569dba]
00:55:51.150 [main] DEBUG org.springframework.test.context.support.AbstractDirtiesContextTestExecutionListener - Before test class: context [DefaultTestContext@6d60fe40 testClass = UserControllerTest, testInstance = [null], testMethod = [null], testException = [null], mergedContextConfiguration = [WebMergedContextConfiguration@792b749c testClass = UserControllerTest, locations = '{}', classes = '{class com.livelab.security.DataSecurityApplication}', contextInitializerClasses = '[]', activeProfiles = '{}', propertySourceLocations = '{}', propertySourceProperties = '{org.springframework.boot.test.context.SpringBootTestContextBootstrapper=true}', contextCustomizers = set[[ImportsContextCustomizer@23e84203 key = [org.springframework.boot.test.autoconfigure.web.servlet.MockMvcAutoConfiguration, org.springframework.boot.test.autoconfigure.web.servlet.MockMvcWebClientAutoConfiguration, org.springframework.boot.test.autoconfigure.web.servlet.MockMvcWebDriverAutoConfiguration, org.springframework.boot.autoconfigure.security.oauth2.client.servlet.OAuth2ClientAutoConfiguration, org.springframework.boot.autoconfigure.security.oauth2.resource.servlet.OAuth2ResourceServerAutoConfiguration, org.springframework.boot.autoconfigure.security.servlet.SecurityAutoConfiguration, org.springframework.boot.autoconfigure.security.servlet.SecurityFilterAutoConfiguration, org.springframework.boot.autoconfigure.security.servlet.UserDetailsServiceAutoConfiguration, org.springframework.boot.test.autoconfigure.web.servlet.MockMvcSecurityConfiguration, org.springframework.boot.test.autoconfigure.web.reactive.WebTestClientAutoConfiguration]], org.springframework.boot.test.context.filter.ExcludeFilterContextCustomizer@6356695f, org.springframework.boot.test.json.DuplicateJsonObjectContextCustomizerFactory$DuplicateJsonObjectContextCustomizer@4466af20, org.springframework.boot.test.mock.mockito.MockitoContextCustomizer@0, org.springframework.boot.test.web.client.TestRestTemplateContextCustomizer@5c5eefef, org.springframework.boot.test.autoconfigure.actuate.metrics.MetricsExportContextCustomizerFactory$DisableMetricExportContextCustomizer@38c6f217, org.springframework.boot.test.autoconfigure.properties.PropertyMappingContextCustomizer@4b3fa0b3, org.springframework.boot.test.autoconfigure.web.servlet.WebDriverContextCustomizerFactory$Customizer@1623b78d, org.springframework.boot.test.context.SpringBootTestArgs@1, org.springframework.boot.test.context.SpringBootTestWebEnvironment@6537cf78], resourceBasePath = 'src/main/webapp', contextLoader = 'org.springframework.boot.test.context.SpringBootContextLoader', parent = [null]], attributes = map['org.springframework.test.context.web.ServletTestExecutionListener.activateListener' -> true]], class annotated with @DirtiesContext [false] with mode [null].

  .   ____          _            __ _ _
 /\\ / ___'_ __ _ _(_)_ __  __ _ \ \ \ \
( ( )\___ | '_ | '_| | '_ \/ _` | \ \ \ \
 \\/  ___)| |_)| | | | | || (_| |  ) ) ) )
  '  |____| .__|_| |_|_| |_\__, | / / / /
 =========|_|==============|___/=/_/_/_/
 :: Spring Boot ::                (v2.7.0)

2025-02-20 00:55:51.557  INFO 11000 --- [           main] c.l.s.controller.UserControllerTest      : Starting UserControllerTest using Java 1.8.0_212 on admindeMBP.bbrouter with PID 11000 (started by admin in /Users/admin/Desktop/windSuring/2025-02-19-v1)
2025-02-20 00:55:51.557 DEBUG 11000 --- [           main] c.l.s.controller.UserControllerTest      : Running with Spring Boot v2.7.0, Spring v5.3.20
2025-02-20 00:55:51.558  INFO 11000 --- [           main] c.l.s.controller.UserControllerTest      : No active profile set, falling back to 1 default profile: "default"
Logging initialized using 'class org.apache.ibatis.logging.stdout.StdOutImpl' adapter.
Parsed mapper file: 'file [/Users/admin/Desktop/windSuring/2025-02-19-v1/target/classes/mapper/UserMapper.xml]'
 _ _   |_  _ _|_. ___ _ |    _ 
| | |\/|_)(_| | |_\  |_)||_|_\ 
     /               |         
                        3.5.3 
Creating a new SqlSession
SqlSession [org.apache.ibatis.session.defaults.DefaultSqlSession@7f1ef916] was not registered for synchronization because synchronization is not active
2025-02-20 00:55:53.555  INFO 11000 --- [           main] com.zaxxer.hikari.HikariDataSource       : HikariPool-1 - Starting...
2025-02-20 00:55:53.734  INFO 11000 --- [           main] com.zaxxer.hikari.HikariDataSource       : HikariPool-1 - Start completed.
JDBC Connection [HikariProxyConnection@2012808675 wrapping com.mysql.cj.jdbc.ConnectionImpl@221a2068] will not be managed by Spring
==>  Preparing: SELECT id,key_id,version,content,create_time,effective_time,expire_time,active,status,creator,remark FROM key_record WHERE (key_id = ? AND active = ?)
==> Parameters: EMAIL_KEY(String), true(Boolean)
<==    Columns: id, key_id, version, content, create_time, effective_time, expire_time, active, status, creator, remark
<==        Row: 7, EMAIL_KEY, 20250220005542, <<BLOB>>, 2025-02-20 00:55:42, 2025-02-20 00:55:42, 2025-02-20 00:56:42, 1, ACTIVE, SYSTEM, Auto generated key
<==      Total: 1
Closing non transactional SqlSession [org.apache.ibatis.session.defaults.DefaultSqlSession@7f1ef916]
Creating a new SqlSession
SqlSession [org.apache.ibatis.session.defaults.DefaultSqlSession@6f1b8544] was not registered for synchronization because synchronization is not active
JDBC Connection [HikariProxyConnection@1373300625 wrapping com.mysql.cj.jdbc.ConnectionImpl@221a2068] will not be managed by Spring
==>  Preparing: SELECT id,key_id,version,content,create_time,effective_time,expire_time,active,status,creator,remark FROM key_record WHERE (key_id = ? AND active = ?)
==> Parameters: PHONE_KEY(String), true(Boolean)
<==    Columns: id, key_id, version, content, create_time, effective_time, expire_time, active, status, creator, remark
<==        Row: 8, PHONE_KEY, 20250220005542, <<BLOB>>, 2025-02-20 00:55:42, 2025-02-20 00:55:42, 2025-02-20 00:56:42, 1, ACTIVE, SYSTEM, Auto generated key
<==      Total: 1
Closing non transactional SqlSession [org.apache.ibatis.session.defaults.DefaultSqlSession@6f1b8544]
Creating a new SqlSession
SqlSession [org.apache.ibatis.session.defaults.DefaultSqlSession@5de5e95] was not registered for synchronization because synchronization is not active
JDBC Connection [HikariProxyConnection@912054991 wrapping com.mysql.cj.jdbc.ConnectionImpl@221a2068] will not be managed by Spring
==>  Preparing: SELECT id,key_id,version,content,create_time,effective_time,expire_time,active,status,creator,remark FROM key_record WHERE (key_id = ? AND active = ?)
==> Parameters: ID_CARD_KEY(String), true(Boolean)
<==    Columns: id, key_id, version, content, create_time, effective_time, expire_time, active, status, creator, remark
<==        Row: 9, ID_CARD_KEY, 20250220005542, <<BLOB>>, 2025-02-20 00:55:42, 2025-02-20 00:55:42, 2025-02-20 00:56:42, 1, ACTIVE, SYSTEM, Auto generated key
<==      Total: 1
Closing non transactional SqlSession [org.apache.ibatis.session.defaults.DefaultSqlSession@5de5e95]
2025-02-20 00:55:53.812  INFO 11000 --- [           main] com.livelab.security.core.KeyManager     : KeyManager initialized successfully
2025-02-20 00:55:54.649  INFO 11000 --- [           main] o.s.b.t.m.w.SpringBootMockServletContext : Initializing Spring TestDispatcherServlet ''
2025-02-20 00:55:54.649  INFO 11000 --- [           main] o.s.t.web.servlet.TestDispatcherServlet  : Initializing Servlet ''
2025-02-20 00:55:54.651  INFO 11000 --- [           main] o.s.t.web.servlet.TestDispatcherServlet  : Completed initialization in 1 ms
2025-02-20 00:55:54.674  INFO 11000 --- [           main] c.l.s.controller.UserControllerTest      : Started UserControllerTest in 3.49 seconds (JVM running for 4.397)
Creating a new SqlSession
Registering transaction synchronization for SqlSession [org.apache.ibatis.session.defaults.DefaultSqlSession@3614945b]
JDBC Connection [HikariProxyConnection@615646459 wrapping com.mysql.cj.jdbc.ConnectionImpl@221a2068] will be managed by Spring
==>  Preparing: SELECT id,key_id,version,content,create_time,effective_time,expire_time,active,status,creator,remark FROM key_record WHERE (key_id = ? AND active = ?)
==> Parameters: EMAIL_KEY(String), true(Boolean)
<==    Columns: id, key_id, version, content, create_time, effective_time, expire_time, active, status, creator, remark
<==        Row: 7, EMAIL_KEY, 20250220005542, <<BLOB>>, 2025-02-20 00:55:42, 2025-02-20 00:55:42, 2025-02-20 00:56:42, 1, ACTIVE, SYSTEM, Auto generated key
<==      Total: 1
Releasing transactional SqlSession [org.apache.ibatis.session.defaults.DefaultSqlSession@3614945b]
Fetched SqlSession [org.apache.ibatis.session.defaults.DefaultSqlSession@3614945b] from current transaction
==>  Preparing: SELECT id,key_id,version,content,create_time,effective_time,expire_time,active,status,creator,remark FROM key_record WHERE (key_id = ? AND active = ?)
==> Parameters: PHONE_KEY(String), true(Boolean)
<==    Columns: id, key_id, version, content, create_time, effective_time, expire_time, active, status, creator, remark
<==        Row: 8, PHONE_KEY, 20250220005542, <<BLOB>>, 2025-02-20 00:55:42, 2025-02-20 00:55:42, 2025-02-20 00:56:42, 1, ACTIVE, SYSTEM, Auto generated key
<==      Total: 1
Releasing transactional SqlSession [org.apache.ibatis.session.defaults.DefaultSqlSession@3614945b]
Fetched SqlSession [org.apache.ibatis.session.defaults.DefaultSqlSession@3614945b] from current transaction
==>  Preparing: SELECT id,key_id,version,content,create_time,effective_time,expire_time,active,status,creator,remark FROM key_record WHERE (key_id = ? AND active = ?)
==> Parameters: ID_CARD_KEY(String), true(Boolean)
<==    Columns: id, key_id, version, content, create_time, effective_time, expire_time, active, status, creator, remark
<==        Row: 9, ID_CARD_KEY, 20250220005542, <<BLOB>>, 2025-02-20 00:55:42, 2025-02-20 00:55:42, 2025-02-20 00:56:42, 1, ACTIVE, SYSTEM, Auto generated key
<==      Total: 1
Releasing transactional SqlSession [org.apache.ibatis.session.defaults.DefaultSqlSession@3614945b]
Transaction synchronization committing SqlSession [org.apache.ibatis.session.defaults.DefaultSqlSession@3614945b]
Transaction synchronization deregistering SqlSession [org.apache.ibatis.session.defaults.DefaultSqlSession@3614945b]
Transaction synchronization closing SqlSession [org.apache.ibatis.session.defaults.DefaultSqlSession@3614945b]

MockHttpServletRequest:
      HTTP Method = POST
      Request URI = /api/users
       Parameters = {}
          Headers = [Content-Type:"application/json;charset=UTF-8", Content-Length:"128"]
             Body = {"id":null,"username":"测试用户","phone":"13800138000","idCard":"110101199001011234","phoneDigest":null,"idCardDigest":null}
    Session Attrs = {}

Handler:
             Type = org.springframework.web.servlet.resource.ResourceHttpRequestHandler

Async:
    Async started = false
     Async result = null

Resolved Exception:
             Type = null

ModelAndView:
        View name = null
             View = null
            Model = null

FlashMap:
       Attributes = null

MockHttpServletResponse:
           Status = 404
    Error message = null
          Headers = [Vary:"Origin", "Access-Control-Request-Method", "Access-Control-Request-Headers"]
     Content type = null
             Body = 
    Forwarded URL = null
   Redirected URL = null
          Cookies = []
]]></system-out>
  </testcase>
</testsuite>