<?xml version="1.0" encoding="UTF-8"?>
<testsuite xmlns:xsi="http://www.w3.org/2001/XMLSchema-instance" xsi:noNamespaceSchemaLocation="https://maven.apache.org/surefire/maven-surefire-plugin/xsd/surefire-test-report.xsd" name="com.livelab.security.controller.OrderControllerTest" time="0.001" tests="1" errors="0" skipped="0" failures="1">
  <properties>
[...]
</properties>
  <testcase name="testCreateAndQueryOrder" classname="com.livelab.security.controller.OrderControllerTest" time="0.001">
    <failure message="Status expected:&lt;200&gt; but was:&lt;404&gt;" type="java.lang.AssertionError"><![CDATA[java.lang.AssertionError: Status expected:<200> but was:<404>
	at com.livelab.security.controller.OrderControllerTest.testCreateAndQueryOrder(OrderControllerTest.java:38)
]]></failure>
    <system-out><![CDATA[2025-02-20 00:55:55.054  INFO 11000 --- [           main] .b.t.c.SpringBootTestContextBootstrapper : Neither @ContextConfiguration nor @ContextHierarchy found for test class [com.livelab.security.controller.OrderControllerTest], using SpringBootContextLoader
2025-02-20 00:55:55.055  INFO 11000 --- [           main] o.s.t.c.support.AbstractContextLoader    : Could not detect default resource locations for test class [com.livelab.security.controller.OrderControllerTest]: no resource found for suffixes {-context.xml, Context.groovy}.
2025-02-20 00:55:55.055  INFO 11000 --- [           main] t.c.s.AnnotationConfigContextLoaderUtils : Could not detect default configuration classes for test class [com.livelab.security.controller.OrderControllerTest]: OrderControllerTest does not declare any static, non-private, non-final, nested classes annotated with @Configuration.
2025-02-20 00:55:55.060  INFO 11000 --- [           main] .b.t.c.SpringBootTestContextBootstrapper : Found @SpringBootConfiguration com.livelab.security.DataSecurityApplication for test class com.livelab.security.controller.OrderControllerTest
2025-02-20 00:55:55.063  INFO 11000 --- [           main] .b.t.c.SpringBootTestContextBootstrapper : Loaded default TestExecutionListener class names from location [META-INF/spring.factories]: [org.springframework.boot.test.mock.mockito.MockitoTestExecutionListener, org.springframework.boot.test.mock.mockito.ResetMocksTestExecutionListener, org.springframework.boot.test.autoconfigure.restdocs.RestDocsTestExecutionListener, org.springframework.boot.test.autoconfigure.web.client.MockRestServiceServerResetTestExecutionListener, org.springframework.boot.test.autoconfigure.web.servlet.MockMvcPrintOnlyOnFailureTestExecutionListener, org.springframework.boot.test.autoconfigure.web.servlet.WebDriverTestExecutionListener, org.springframework.boot.test.autoconfigure.webservices.client.MockWebServiceServerTestExecutionListener, org.springframework.test.context.web.ServletTestExecutionListener, org.springframework.test.context.support.DirtiesContextBeforeModesTestExecutionListener, org.springframework.test.context.event.ApplicationEventsTestExecutionListener, org.springframework.test.context.support.DependencyInjectionTestExecutionListener, org.springframework.test.context.support.DirtiesContextTestExecutionListener, org.springframework.test.context.transaction.TransactionalTestExecutionListener, org.springframework.test.context.jdbc.SqlScriptsTestExecutionListener, org.springframework.test.context.event.EventPublishingTestExecutionListener]
2025-02-20 00:55:55.063  INFO 11000 --- [           main] .b.t.c.SpringBootTestContextBootstrapper : Using TestExecutionListeners: [org.springframework.test.context.web.ServletTestExecutionListener@2506b881, org.springframework.test.context.support.DirtiesContextBeforeModesTestExecutionListener@5d7dd549, org.springframework.test.context.event.ApplicationEventsTestExecutionListener@486bd064, org.springframework.boot.test.mock.mockito.MockitoTestExecutionListener@6459f4ea, org.springframework.boot.test.autoconfigure.SpringBootDependencyInjectionTestExecutionListener@740b9a50, org.springframework.test.context.support.DirtiesContextTestExecutionListener@476fde05, org.springframework.test.context.transaction.TransactionalTestExecutionListener@5111de7c, org.springframework.test.context.jdbc.SqlScriptsTestExecutionListener@7ac48e10, org.springframework.test.context.event.EventPublishingTestExecutionListener@52354202, org.springframework.boot.test.mock.mockito.ResetMocksTestExecutionListener@6b1321b7, org.springframework.boot.test.autoconfigure.restdocs.RestDocsTestExecutionListener@342ee097, org.springframework.boot.test.autoconfigure.web.client.MockRestServiceServerResetTestExecutionListener@6ac45c0c, org.springframework.boot.test.autoconfigure.web.servlet.MockMvcPrintOnlyOnFailureTestExecutionListener@12192604, org.springframework.boot.test.autoconfigure.web.servlet.WebDriverTestExecutionListener@6075b369, org.springframework.boot.test.autoconfigure.webservices.client.MockWebServiceServerTestExecutionListener@231cdda8]

MockHttpServletRequest:
      HTTP Method = POST
      Request URI = /api/users
       Parameters = {}
          Headers = [Content-Type:"application/json;charset=UTF-8", Content-Length:"122"]
             Body = {"id":null,"username":"张三","phone":"13800138000","idCard":"110101199001011234","phoneDigest":null,"idCardDigest":null}
    Session Attrs = {}

Handler:
             Type = org.springframework.web.servlet.resource.ResourceHttpRequestHandler

Async:
    Async started = false
     Async result = null

Resolved Exception:
             Type = null

ModelAndView:
        View name = null
             View = null
            Model = null

FlashMap:
       Attributes = null

MockHttpServletResponse:
           Status = 404
    Error message = null
          Headers = [Vary:"Origin", "Access-Control-Request-Method", "Access-Control-Request-Headers"]
     Content type = null
             Body = 
    Forwarded URL = null
   Redirected URL = null
          Cookies = []
]]></system-out>
  </testcase>
</testsuite>